[19-Oct-2024 08:24:38 UTC] PHP Warning:  include(./functions_signup.php): Failed to open stream: No such file or directory in /var/www/wordpress/wp-content/themes/coolkidstheme/functions.php on line 1
[19-Oct-2024 08:24:38 UTC] PHP Warning:  include(): Failed opening './functions_signup.php' for inclusion (include_path='.:/usr/share/php82') in /var/www/wordpress/wp-content/themes/coolkidstheme/functions.php on line 1
[19-Oct-2024 08:24:38 UTC] PHP Warning:  include(./functions_userdb.php): Failed to open stream: No such file or directory in /var/www/wordpress/wp-content/themes/coolkidstheme/functions.php on line 2
[19-Oct-2024 08:24:38 UTC] PHP Warning:  include(): Failed opening './functions_userdb.php' for inclusion (include_path='.:/usr/share/php82') in /var/www/wordpress/wp-content/themes/coolkidstheme/functions.php on line 2
[19-Oct-2024 08:26:43 UTC] PHP Warning:  include(/functions_signup.php): Failed to open stream: No such file or directory in /var/www/wordpress/wp-content/themes/coolkidstheme/functions.php on line 1
[19-Oct-2024 08:26:43 UTC] PHP Warning:  include(): Failed opening '/functions_signup.php' for inclusion (include_path='.:/usr/share/php82') in /var/www/wordpress/wp-content/themes/coolkidstheme/functions.php on line 1
[19-Oct-2024 08:26:43 UTC] PHP Warning:  include(/functions_userdb.php): Failed to open stream: No such file or directory in /var/www/wordpress/wp-content/themes/coolkidstheme/functions.php on line 2
[19-Oct-2024 08:26:43 UTC] PHP Warning:  include(): Failed opening '/functions_userdb.php' for inclusion (include_path='.:/usr/share/php82') in /var/www/wordpress/wp-content/themes/coolkidstheme/functions.php on line 2
[19-Oct-2024 08:26:44 UTC] PHP Warning:  include(/functions_signup.php): Failed to open stream: No such file or directory in /var/www/wordpress/wp-content/themes/coolkidstheme/functions.php on line 1
[19-Oct-2024 08:26:44 UTC] PHP Warning:  include(): Failed opening '/functions_signup.php' for inclusion (include_path='.:/usr/share/php82') in /var/www/wordpress/wp-content/themes/coolkidstheme/functions.php on line 1
[19-Oct-2024 08:26:44 UTC] PHP Warning:  include(/functions_userdb.php): Failed to open stream: No such file or directory in /var/www/wordpress/wp-content/themes/coolkidstheme/functions.php on line 2
[19-Oct-2024 08:26:44 UTC] PHP Warning:  include(): Failed opening '/functions_userdb.php' for inclusion (include_path='.:/usr/share/php82') in /var/www/wordpress/wp-content/themes/coolkidstheme/functions.php on line 2
[19-Oct-2024 09:29:49 UTC] PHP Warning:  Cannot modify header information - headers already sent by (output started at /var/www/wordpress/wp-includes/class-wp-styles.php:214) in /var/www/wordpress/wp-includes/pluggable.php on line 1122
[19-Oct-2024 09:29:49 UTC] PHP Warning:  Cannot modify header information - headers already sent by (output started at /var/www/wordpress/wp-includes/class-wp-styles.php:214) in /var/www/wordpress/wp-includes/pluggable.php on line 1123
[19-Oct-2024 09:29:49 UTC] PHP Warning:  Cannot modify header information - headers already sent by (output started at /var/www/wordpress/wp-includes/class-wp-styles.php:214) in /var/www/wordpress/wp-includes/pluggable.php on line 1124
[19-Oct-2024 09:29:49 UTC] PHP Warning:  Cannot modify header information - headers already sent by (output started at /var/www/wordpress/wp-includes/class-wp-styles.php:214) in /var/www/wordpress/wp-includes/pluggable.php on line 1125
[19-Oct-2024 09:29:49 UTC] PHP Warning:  Cannot modify header information - headers already sent by (output started at /var/www/wordpress/wp-includes/class-wp-styles.php:214) in /var/www/wordpress/wp-includes/pluggable.php on line 1126
[19-Oct-2024 09:29:49 UTC] PHP Warning:  Cannot modify header information - headers already sent by (output started at /var/www/wordpress/wp-includes/class-wp-styles.php:214) in /var/www/wordpress/wp-includes/pluggable.php on line 1127
[19-Oct-2024 09:29:49 UTC] PHP Warning:  Cannot modify header information - headers already sent by (output started at /var/www/wordpress/wp-includes/class-wp-styles.php:214) in /var/www/wordpress/wp-includes/pluggable.php on line 1130
[19-Oct-2024 09:29:49 UTC] PHP Warning:  Cannot modify header information - headers already sent by (output started at /var/www/wordpress/wp-includes/class-wp-styles.php:214) in /var/www/wordpress/wp-includes/pluggable.php on line 1131
[19-Oct-2024 09:29:49 UTC] PHP Warning:  Cannot modify header information - headers already sent by (output started at /var/www/wordpress/wp-includes/class-wp-styles.php:214) in /var/www/wordpress/wp-includes/pluggable.php on line 1134
[19-Oct-2024 09:29:49 UTC] PHP Warning:  Cannot modify header information - headers already sent by (output started at /var/www/wordpress/wp-includes/class-wp-styles.php:214) in /var/www/wordpress/wp-includes/pluggable.php on line 1135
[19-Oct-2024 09:29:49 UTC] PHP Warning:  Cannot modify header information - headers already sent by (output started at /var/www/wordpress/wp-includes/class-wp-styles.php:214) in /var/www/wordpress/wp-includes/pluggable.php on line 1136
[19-Oct-2024 09:29:49 UTC] PHP Warning:  Cannot modify header information - headers already sent by (output started at /var/www/wordpress/wp-includes/class-wp-styles.php:214) in /var/www/wordpress/wp-includes/pluggable.php on line 1137
[19-Oct-2024 09:29:49 UTC] PHP Warning:  Cannot modify header information - headers already sent by (output started at /var/www/wordpress/wp-includes/class-wp-styles.php:214) in /var/www/wordpress/wp-includes/pluggable.php on line 1140
[19-Oct-2024 09:29:49 UTC] PHP Warning:  Cannot modify header information - headers already sent by (output started at /var/www/wordpress/wp-includes/class-wp-styles.php:214) in /var/www/wordpress/wp-includes/pluggable.php on line 1141
[19-Oct-2024 09:29:49 UTC] PHP Warning:  Cannot modify header information - headers already sent by (output started at /var/www/wordpress/wp-includes/class-wp-styles.php:214) in /var/www/wordpress/wp-includes/pluggable.php on line 1142
[19-Oct-2024 09:29:49 UTC] PHP Warning:  Cannot modify header information - headers already sent by (output started at /var/www/wordpress/wp-includes/class-wp-styles.php:214) in /var/www/wordpress/wp-includes/pluggable.php on line 1143
[19-Oct-2024 09:29:49 UTC] PHP Warning:  Cannot modify header information - headers already sent by (output started at /var/www/wordpress/wp-includes/class-wp-styles.php:214) in /var/www/wordpress/wp-includes/pluggable.php on line 1146
[19-Oct-2024 09:31:26 UTC] PHP Warning:  Cannot modify header information - headers already sent by (output started at /var/www/wordpress/wp-includes/class-wp-styles.php:214) in /var/www/wordpress/wp-includes/pluggable.php on line 1122
[19-Oct-2024 09:31:26 UTC] PHP Warning:  Cannot modify header information - headers already sent by (output started at /var/www/wordpress/wp-includes/class-wp-styles.php:214) in /var/www/wordpress/wp-includes/pluggable.php on line 1123
[19-Oct-2024 09:31:26 UTC] PHP Warning:  Cannot modify header information - headers already sent by (output started at /var/www/wordpress/wp-includes/class-wp-styles.php:214) in /var/www/wordpress/wp-includes/pluggable.php on line 1124
[19-Oct-2024 09:31:26 UTC] PHP Warning:  Cannot modify header information - headers already sent by (output started at /var/www/wordpress/wp-includes/class-wp-styles.php:214) in /var/www/wordpress/wp-includes/pluggable.php on line 1125
[19-Oct-2024 09:31:26 UTC] PHP Warning:  Cannot modify header information - headers already sent by (output started at /var/www/wordpress/wp-includes/class-wp-styles.php:214) in /var/www/wordpress/wp-includes/pluggable.php on line 1126
[19-Oct-2024 09:31:26 UTC] PHP Warning:  Cannot modify header information - headers already sent by (output started at /var/www/wordpress/wp-includes/class-wp-styles.php:214) in /var/www/wordpress/wp-includes/pluggable.php on line 1127
[19-Oct-2024 09:31:26 UTC] PHP Warning:  Cannot modify header information - headers already sent by (output started at /var/www/wordpress/wp-includes/class-wp-styles.php:214) in /var/www/wordpress/wp-includes/pluggable.php on line 1130
[19-Oct-2024 09:31:26 UTC] PHP Warning:  Cannot modify header information - headers already sent by (output started at /var/www/wordpress/wp-includes/class-wp-styles.php:214) in /var/www/wordpress/wp-includes/pluggable.php on line 1131
[19-Oct-2024 09:31:26 UTC] PHP Warning:  Cannot modify header information - headers already sent by (output started at /var/www/wordpress/wp-includes/class-wp-styles.php:214) in /var/www/wordpress/wp-includes/pluggable.php on line 1134
[19-Oct-2024 09:31:26 UTC] PHP Warning:  Cannot modify header information - headers already sent by (output started at /var/www/wordpress/wp-includes/class-wp-styles.php:214) in /var/www/wordpress/wp-includes/pluggable.php on line 1135
[19-Oct-2024 09:31:26 UTC] PHP Warning:  Cannot modify header information - headers already sent by (output started at /var/www/wordpress/wp-includes/class-wp-styles.php:214) in /var/www/wordpress/wp-includes/pluggable.php on line 1136
[19-Oct-2024 09:31:26 UTC] PHP Warning:  Cannot modify header information - headers already sent by (output started at /var/www/wordpress/wp-includes/class-wp-styles.php:214) in /var/www/wordpress/wp-includes/pluggable.php on line 1137
[19-Oct-2024 09:31:26 UTC] PHP Warning:  Cannot modify header information - headers already sent by (output started at /var/www/wordpress/wp-includes/class-wp-styles.php:214) in /var/www/wordpress/wp-includes/pluggable.php on line 1140
[19-Oct-2024 09:31:26 UTC] PHP Warning:  Cannot modify header information - headers already sent by (output started at /var/www/wordpress/wp-includes/class-wp-styles.php:214) in /var/www/wordpress/wp-includes/pluggable.php on line 1141
[19-Oct-2024 09:31:26 UTC] PHP Warning:  Cannot modify header information - headers already sent by (output started at /var/www/wordpress/wp-includes/class-wp-styles.php:214) in /var/www/wordpress/wp-includes/pluggable.php on line 1142
[19-Oct-2024 09:31:26 UTC] PHP Warning:  Cannot modify header information - headers already sent by (output started at /var/www/wordpress/wp-includes/class-wp-styles.php:214) in /var/www/wordpress/wp-includes/pluggable.php on line 1143
[19-Oct-2024 09:31:26 UTC] PHP Warning:  Cannot modify header information - headers already sent by (output started at /var/www/wordpress/wp-includes/class-wp-styles.php:214) in /var/www/wordpress/wp-includes/pluggable.php on line 1146
[19-Oct-2024 09:39:18 UTC] PHP Warning:  Cannot modify header information - headers already sent by (output started at /var/www/wordpress/wp-includes/class-wp-styles.php:214) in /var/www/wordpress/wp-includes/pluggable.php on line 1122
[19-Oct-2024 09:39:18 UTC] PHP Warning:  Cannot modify header information - headers already sent by (output started at /var/www/wordpress/wp-includes/class-wp-styles.php:214) in /var/www/wordpress/wp-includes/pluggable.php on line 1123
[19-Oct-2024 09:39:18 UTC] PHP Warning:  Cannot modify header information - headers already sent by (output started at /var/www/wordpress/wp-includes/class-wp-styles.php:214) in /var/www/wordpress/wp-includes/pluggable.php on line 1124
[19-Oct-2024 09:39:18 UTC] PHP Warning:  Cannot modify header information - headers already sent by (output started at /var/www/wordpress/wp-includes/class-wp-styles.php:214) in /var/www/wordpress/wp-includes/pluggable.php on line 1125
[19-Oct-2024 09:39:18 UTC] PHP Warning:  Cannot modify header information - headers already sent by (output started at /var/www/wordpress/wp-includes/class-wp-styles.php:214) in /var/www/wordpress/wp-includes/pluggable.php on line 1126
[19-Oct-2024 09:39:18 UTC] PHP Warning:  Cannot modify header information - headers already sent by (output started at /var/www/wordpress/wp-includes/class-wp-styles.php:214) in /var/www/wordpress/wp-includes/pluggable.php on line 1127
[19-Oct-2024 09:39:18 UTC] PHP Warning:  Cannot modify header information - headers already sent by (output started at /var/www/wordpress/wp-includes/class-wp-styles.php:214) in /var/www/wordpress/wp-includes/pluggable.php on line 1130
[19-Oct-2024 09:39:18 UTC] PHP Warning:  Cannot modify header information - headers already sent by (output started at /var/www/wordpress/wp-includes/class-wp-styles.php:214) in /var/www/wordpress/wp-includes/pluggable.php on line 1131
[19-Oct-2024 09:39:18 UTC] PHP Warning:  Cannot modify header information - headers already sent by (output started at /var/www/wordpress/wp-includes/class-wp-styles.php:214) in /var/www/wordpress/wp-includes/pluggable.php on line 1134
[19-Oct-2024 09:39:18 UTC] PHP Warning:  Cannot modify header information - headers already sent by (output started at /var/www/wordpress/wp-includes/class-wp-styles.php:214) in /var/www/wordpress/wp-includes/pluggable.php on line 1135
[19-Oct-2024 09:39:18 UTC] PHP Warning:  Cannot modify header information - headers already sent by (output started at /var/www/wordpress/wp-includes/class-wp-styles.php:214) in /var/www/wordpress/wp-includes/pluggable.php on line 1136
[19-Oct-2024 09:39:18 UTC] PHP Warning:  Cannot modify header information - headers already sent by (output started at /var/www/wordpress/wp-includes/class-wp-styles.php:214) in /var/www/wordpress/wp-includes/pluggable.php on line 1137
[19-Oct-2024 09:39:18 UTC] PHP Warning:  Cannot modify header information - headers already sent by (output started at /var/www/wordpress/wp-includes/class-wp-styles.php:214) in /var/www/wordpress/wp-includes/pluggable.php on line 1140
[19-Oct-2024 09:39:18 UTC] PHP Warning:  Cannot modify header information - headers already sent by (output started at /var/www/wordpress/wp-includes/class-wp-styles.php:214) in /var/www/wordpress/wp-includes/pluggable.php on line 1141
[19-Oct-2024 09:39:18 UTC] PHP Warning:  Cannot modify header information - headers already sent by (output started at /var/www/wordpress/wp-includes/class-wp-styles.php:214) in /var/www/wordpress/wp-includes/pluggable.php on line 1142
[19-Oct-2024 09:39:18 UTC] PHP Warning:  Cannot modify header information - headers already sent by (output started at /var/www/wordpress/wp-includes/class-wp-styles.php:214) in /var/www/wordpress/wp-includes/pluggable.php on line 1143
[19-Oct-2024 09:39:18 UTC] PHP Warning:  Cannot modify header information - headers already sent by (output started at /var/www/wordpress/wp-includes/class-wp-styles.php:214) in /var/www/wordpress/wp-includes/pluggable.php on line 1146
[19-Oct-2024 09:49:25 UTC] PHP Warning:  Cannot modify header information - headers already sent by (output started at /var/www/wordpress/wp-includes/class-wp-styles.php:214) in /var/www/wordpress/wp-content/themes/coolkidstheme/functions.php on line 85
[19-Oct-2024 09:49:31 UTC] PHP Warning:  Cannot modify header information - headers already sent by (output started at /var/www/wordpress/wp-includes/class-wp-styles.php:214) in /var/www/wordpress/wp-content/themes/coolkidstheme/functions.php on line 85
